<?xml version="1.0" encoding="UTF-8"?>
<!-- Generated by org.testng.reporters.JUnitReportReporter -->
<testsuite skipped="0" hostname="DESKTOP-BN396F1" name="runner.TestRunner" tests="2" failures="0" timestamp="19 Sep 2022 13:47:25 GMT" time="1.522" errors="2">
  <testcase name="runScenario" time="1.378" classname="runner.TestRunner">
    <error type="java.lang.IllegalStateException" message="The driver executable does not exist: C:\Users\HP\Documents\GitHub\SctvSubscriptions\src\main\resources\lib\chromedriver">
      <![CDATA[java.lang.IllegalStateException: The driver executable does not exist: C:\Users\HP\Documents\GitHub\SctvSubscriptions\src\main\resources\lib\chromedriver
	at com.google.common.base.Preconditions.checkState(Preconditions.java:591)
	at org.openqa.selenium.remote.service.DriverService.checkExecutable(DriverService.java:146)
	at org.openqa.selenium.remote.service.DriverService.findExecutable(DriverService.java:141)
	at org.openqa.selenium.chrome.ChromeDriverService.access$000(ChromeDriverService.java:35)
	at org.openqa.selenium.chrome.ChromeDriverService$Builder.findDefaultExecutable(ChromeDriverService.java:159)
	at org.openqa.selenium.remote.service.DriverService$Builder.build(DriverService.java:355)
	at org.openqa.selenium.chrome.ChromeDriverService.createDefaultService(ChromeDriverService.java:94)
	at org.openqa.selenium.chrome.ChromeDriver.<init>(ChromeDriver.java:123)
	at com.learning.base.Baseclass.createWebDriver(Baseclass.java:33)
	at com.learning.base.Baseclass.launchbrowser(Baseclass.java:41)
	at stepDefinitions.Hooks.initializeTest(Hooks.java:28)
]]>
    </error>
  </testcase> <!-- runScenario -->
  <testcase name="runScenario" time="0.144" classname="runner.TestRunner">
    <error type="java.lang.IllegalStateException" message="The driver executable does not exist: C:\Users\HP\Documents\GitHub\SctvSubscriptions\src\main\resources\lib\chromedriver">
      <![CDATA[java.lang.IllegalStateException: The driver executable does not exist: C:\Users\HP\Documents\GitHub\SctvSubscriptions\src\main\resources\lib\chromedriver
	at com.google.common.base.Preconditions.checkState(Preconditions.java:591)
	at org.openqa.selenium.remote.service.DriverService.checkExecutable(DriverService.java:146)
	at org.openqa.selenium.remote.service.DriverService.findExecutable(DriverService.java:141)
	at org.openqa.selenium.chrome.ChromeDriverService.access$000(ChromeDriverService.java:35)
	at org.openqa.selenium.chrome.ChromeDriverService$Builder.findDefaultExecutable(ChromeDriverService.java:159)
	at org.openqa.selenium.remote.service.DriverService$Builder.build(DriverService.java:355)
	at org.openqa.selenium.chrome.ChromeDriverService.createDefaultService(ChromeDriverService.java:94)
	at org.openqa.selenium.chrome.ChromeDriver.<init>(ChromeDriver.java:123)
	at com.learning.base.Baseclass.createWebDriver(Baseclass.java:33)
	at com.learning.base.Baseclass.launchbrowser(Baseclass.java:41)
	at stepDefinitions.Hooks.initializeTest(Hooks.java:28)
]]>
    </error>
  </testcase> <!-- runScenario -->
</testsuite> <!-- runner.TestRunner -->
